<?xml version="1.0" encoding="UTF-8"?>
<!-- Generated by org.testng.reporters.JUnitReportReporter -->
<testsuite hostname="goods-PC" name="week3.testcases.project.TestCaesesExe" tests="1" failures="0" timestamp="15 Jul 2017 06:22:18 GMT" time="48.521" errors="0">
  <testcase name="executeCase" time="48.521" classname="week3.testcases.project.TestCaesesExe"/>
</testsuite> <!-- week3.testcases.project.TestCaesesExe -->
