<?xml version="1.0" encoding="UTF-8"?>
<!-- Generated by org.testng.reporters.JUnitReportReporter -->
<testsuite hostname="goods-PC" name="week3.testcases.project.EditContactTc2" tests="1" failures="0" timestamp="21 Jul 2017 06:21:31 GMT" time="27.291" errors="0">
  <testcase name="editexecuteCase2" time="27.291" classname="week3.testcases.project.EditContactTc2"/>
</testsuite> <!-- week3.testcases.project.EditContactTc2 -->
