<?xml version="1.0" encoding="UTF-8"?>
<!-- Generated by org.testng.reporters.JUnitReportReporter -->
<testsuite hostname="goods-PC" name="week3.testcases.project.CreateLeadTC" tests="2" failures="0" timestamp="22 Jul 2017 14:42:19 GMT" time="84.270" errors="0">
  <testcase name="login" time="46.444" classname="week3.testcases.project.CreateLeadTC"/>
  <testcase name="login" time="37.826" classname="week3.testcases.project.CreateLeadTC"/>
</testsuite> <!-- week3.testcases.project.CreateLeadTC -->
