<?xml version="1.0" encoding="UTF-8"?>
<!-- Generated by org.testng.reporters.JUnitReportReporter -->
<testsuite hostname="goods-PC" name="week4.testNg.annotations.Snippet" tests="1" failures="0" timestamp="15 Jul 2017 14:15:23 GMT" time="104.986" errors="0">
  <testcase name="leafTapLogin" time="104.986" classname="week4.testNg.annotations.Snippet"/>
</testsuite> <!-- week4.testNg.annotations.Snippet -->
