<?xml version="1.0" encoding="UTF-8"?>
<!-- Generated by org.testng.reporters.JUnitReportReporter -->
<testsuite hostname="goods-PC" name="week5.learnApachePOI.ReadFromExcel" tests="1" failures="0" timestamp="19 Aug 2017 07:56:30 GMT" time="2.026" errors="0">
  <testcase name="getDataFromExcel" time="2.026" classname="week5.learnApachePOI.ReadFromExcel"/>
</testsuite> <!-- week5.learnApachePOI.ReadFromExcel -->
