<?xml version="1.0" encoding="UTF-8"?>
<!-- Generated by org.testng.reporters.JUnitReportReporter -->
<testsuite hostname="goods-PC" name="week3.testcases.project.TestCasesEceTc2" tests="1" failures="0" timestamp="15 Jul 2017 06:22:18 GMT" time="40.892" errors="0">
  <testcase name="executeCase2" time="40.892" classname="week3.testcases.project.TestCasesEceTc2"/>
</testsuite> <!-- week3.testcases.project.TestCasesEceTc2 -->
