<?xml version="1.0" encoding="UTF-8"?>
<!-- Generated by org.testng.reporters.JUnitReportReporter -->
<testsuite hostname="goods-PC" name="week4TestNg.TestNgLearn" tests="4" failures="0" timestamp="12 Sep 2017 06:32:33 GMT" time="0.020" errors="0">
  <testcase name="deleteLead" time="0.017" classname="week4TestNg.TestNgLearn"/>
  <testcase name="mergeLead" time="0.001" classname="week4TestNg.TestNgLearn"/>
  <testcase name="createLead" time="0.001" classname="week4TestNg.TestNgLearn"/>
  <testcase name="duplicateLead" time="0.001" classname="week4TestNg.TestNgLearn"/>
</testsuite> <!-- week4TestNg.TestNgLearn -->
