<?xml version="1.0" encoding="UTF-8"?>
<!-- Generated by org.testng.reporters.JUnitReportReporter -->
<testsuite hostname="goods-PC" name="week3.testcases.project.DeactivateContactTc01" tests="1" failures="0" timestamp="21 Jul 2017 06:21:31 GMT" time="39.062" errors="0">
  <testcase name="deactivateCase" time="39.062" classname="week3.testcases.project.DeactivateContactTc01"/>
</testsuite> <!-- week3.testcases.project.DeactivateContactTc01 -->
