<?xml version="1.0" encoding="UTF-8"?>
<!-- Generated by org.testng.reporters.JUnitReportReporter -->
<testsuite hostname="goods-PC" name="week4.testNg.annotations.SampleAnnotationClass" tests="4" failures="0" timestamp="15 Jul 2017 12:20:17 GMT" time="0.017" errors="0">
  <testcase name="f" time="0.011" classname="week4.testNg.annotations.SampleAnnotationClass"/>
  <testcase name="f" time="0.001" classname="week4.testNg.annotations.SampleAnnotationClass"/>
  <testcase name="f" time="0.002" classname="week4.testNg.annotations.SampleAnnotationClass"/>
  <testcase name="f" time="0.003" classname="week4.testNg.annotations.SampleAnnotationClass"/>
</testsuite> <!-- week4.testNg.annotations.SampleAnnotationClass -->
