<?xml version="1.0" encoding="UTF-8"?>
<!-- Generated by org.testng.reporters.JUnitReportReporter -->
<testsuite hostname="goods-PC" name="week3.testcases.project.DummyDeleteContact" tests="1" failures="0" timestamp="21 Jul 2017 06:21:31 GMT" time="11.191" errors="0">
  <testcase name="dummyDeleteAccount" time="11.191" classname="week3.testcases.project.DummyDeleteContact"/>
</testsuite> <!-- week3.testcases.project.DummyDeleteContact -->
